<?xml version="1.0" encoding="UTF-8"?>
<!-- Generated by org.testng.reporters.JUnitXMLReporter -->
<testsuite ignored="0" hostname="DESKTOP-UU3LMB3" failures="5" tests="25" name="Test" time="265.142" errors="0" timestamp="2023-10-30T18:40:27 IST">
  <testcase classname="Setup.OrangeHrmSetup" name="@AfterMethod closeDriver" time="0.008">
    <failure type="org.openqa.selenium.WebDriverException" message="disconnected: not connected to DevTools
  (failed to check if window was closed: disconnected: not connected to DevTools)
  (Session info: chrome=118.0.5993.118)
Build info: version: &amp;apos;4.10.0&amp;apos;, revision: &amp;apos;c14d967899&amp;apos;
System info: os.name: &amp;apos;Windows 10&amp;apos;, os.arch: &amp;apos;amd64&amp;apos;, os.version: &amp;apos;10.0&amp;apos;, java.version: &amp;apos;20.0.1&amp;apos;
Driver info: org.openqa.selenium.chrome.ChromeDriver
Command: [ddd6b0b564f985783d482a89ac9c278e, close {}]
Capabilities {acceptInsecureCerts: false, browserName: chrome, browserVersion: 118.0.5993.118, chrome: {chromedriverVersion: 118.0.5993.70 (e52f33f30b91..., userDataDir: C:\Users\sachin\AppData\Loc...}, fedcm:accounts: true, goog:chromeOptions: {debuggerAddress: localhost:55384}, networkConnectionEnabled: false, pageLoadStrategy: normal, platformName: windows, proxy: Proxy(), se:cdp: ws://localhost:55384/devtoo..., se:cdpVersion: 118.0.5993.118, setWindowRect: true, strictFileInteractability: false, timeouts: {implicit: 0, pageLoad: 300000, script: 30000}, unhandledPromptBehavior: dismiss and notify, webauthn:extension:credBlob: true, webauthn:extension:largeBlob: true, webauthn:extension:minPinLength: true, webauthn:extension:prf: true, webauthn:virtualAuthenticators: true}
Session ID: ddd6b0b564f985783d482a89ac9c278e">
      <![CDATA[org.openqa.selenium.WebDriverException: disconnected: not connected to DevTools
  (failed to check if window was closed: disconnected: not connected to DevTools)
  (Session info: chrome=118.0.5993.118)
Build info: version: '4.10.0', revision: 'c14d967899'
System info: os.name: 'Windows 10', os.arch: 'amd64', os.version: '10.0', java.version: '20.0.1'
Driver info: org.openqa.selenium.chrome.ChromeDriver
Command: [ddd6b0b564f985783d482a89ac9c278e, close {}]
Capabilities {acceptInsecureCerts: false, browserName: chrome, browserVersion: 118.0.5993.118, chrome: {chromedriverVersion: 118.0.5993.70 (e52f33f30b91..., userDataDir: C:\Users\sachin\AppData\Loc...}, fedcm:accounts: true, goog:chromeOptions: {debuggerAddress: localhost:55384}, networkConnectionEnabled: false, pageLoadStrategy: normal, platformName: windows, proxy: Proxy(), se:cdp: ws://localhost:55384/devtoo..., se:cdpVersion: 118.0.5993.118, setWindowRect: true, strictFileInteractability: false, timeouts: {implicit: 0, pageLoad: 300000, script: 30000}, unhandledPromptBehavior: dismiss and notify, webauthn:extension:credBlob: true, webauthn:extension:largeBlob: true, webauthn:extension:minPinLength: true, webauthn:extension:prf: true, webauthn:virtualAuthenticators: true}
Session ID: ddd6b0b564f985783d482a89ac9c278e
at org.openqa.selenium.remote.codec.w3c.W3CHttpResponseCodec.createException(W3CHttpResponseCodec.java:199)
at org.openqa.selenium.remote.codec.w3c.W3CHttpResponseCodec.decode(W3CHttpResponseCodec.java:132)
at org.openqa.selenium.remote.codec.w3c.W3CHttpResponseCodec.decode(W3CHttpResponseCodec.java:51)
at org.openqa.selenium.remote.HttpCommandExecutor.execute(HttpCommandExecutor.java:191)
at org.openqa.selenium.remote.service.DriverCommandExecutor.invokeExecute(DriverCommandExecutor.java:196)
at org.openqa.selenium.remote.service.DriverCommandExecutor.execute(DriverCommandExecutor.java:171)
at org.openqa.selenium.remote.RemoteWebDriver.execute(RemoteWebDriver.java:531)
at org.openqa.selenium.remote.RemoteWebDriver.execute(RemoteWebDriver.java:590)
at org.openqa.selenium.remote.RemoteWebDriver.execute(RemoteWebDriver.java:594)
at org.openqa.selenium.remote.RemoteWebDriver.close(RemoteWebDriver.java:418)
at Setup.OrangeHrmSetup.closeDriver(OrangeHrmSetup.java:31)
at java.base/java.util.ArrayList.forEach(ArrayList.java:1511)
... Removed 33 stack frames]]>
    </failure>
  </testcase> <!-- @AfterMethod closeDriver -->
  <testcase classname="Setup.OrangeHrmSetup" name="@BeforeMethod setup" time="-1.698671395585E9">
    <skipped/>
  </testcase> <!-- @BeforeMethod setup -->
  <testcase classname="Setup.OrangeHrmSetup" name="@AfterMethod closeDriver" time="-1.698671395604E9">
    <skipped/>
  </testcase> <!-- @AfterMethod closeDriver -->
  <testcase classname="Setup.OrangeHrmSetup" name="@BeforeMethod setup" time="-1.698671395607E9">
    <skipped/>
  </testcase> <!-- @BeforeMethod setup -->
  <testcase classname="Setup.OrangeHrmSetup" name="@AfterMethod closeDriver" time="-1.698671395614E9">
    <skipped/>
  </testcase> <!-- @AfterMethod closeDriver -->
  <testcase classname="Setup.OrangeHrmSetup" name="@BeforeMethod setup" time="-1.698671395616E9">
    <skipped/>
  </testcase> <!-- @BeforeMethod setup -->
  <testcase classname="Setup.OrangeHrmSetup" name="@AfterMethod closeDriver" time="-1.698671395625E9">
    <skipped/>
  </testcase> <!-- @AfterMethod closeDriver -->
  <testcase classname="Setup.OrangeHrmSetup" name="@BeforeMethod setup" time="-1.698671395629E9">
    <skipped/>
  </testcase> <!-- @BeforeMethod setup -->
  <testcase classname="Setup.OrangeHrmSetup" name="@AfterMethod closeDriver" time="-1.698671395645E9">
    <skipped/>
  </testcase> <!-- @AfterMethod closeDriver -->
  <testcase classname="Setup.OrangeHrmSetup" name="@BeforeMethod setup" time="-1.698671395655E9">
    <skipped/>
  </testcase> <!-- @BeforeMethod setup -->
  <testcase classname="Setup.OrangeHrmSetup" name="@AfterMethod closeDriver" time="-1.698671395665E9">
    <skipped/>
  </testcase> <!-- @AfterMethod closeDriver -->
  <testcase classname="Setup.OrangeHrmSetup" name="@BeforeMethod setup" time="-1.698671395669E9">
    <skipped/>
  </testcase> <!-- @BeforeMethod setup -->
  <testcase classname="Setup.OrangeHrmSetup" name="@AfterMethod closeDriver" time="-1.698671395674E9">
    <skipped/>
  </testcase> <!-- @AfterMethod closeDriver -->
  <testcase classname="Setup.OrangeHrmSetup" name="@BeforeMethod setup" time="-1.698671395675E9">
    <skipped/>
  </testcase> <!-- @BeforeMethod setup -->
  <testcase classname="Setup.OrangeHrmSetup" name="@AfterMethod closeDriver" time="-1.698671395679E9">
    <skipped/>
  </testcase> <!-- @AfterMethod closeDriver -->
  <testcase classname="Setup.OrangeHrmSetup" name="@BeforeMethod setup" time="-1.69867139568E9">
    <skipped/>
  </testcase> <!-- @BeforeMethod setup -->
  <testcase classname="Setup.OrangeHrmSetup" name="@AfterMethod closeDriver" time="-1.698671395685E9">
    <skipped/>
  </testcase> <!-- @AfterMethod closeDriver -->
  <testcase classname="Setup.OrangeHrmSetup" name="@BeforeMethod setup" time="-1.698671395686E9">
    <skipped/>
  </testcase> <!-- @BeforeMethod setup -->
  <testcase classname="Setup.OrangeHrmSetup" name="@AfterMethod closeDriver" time="-1.69867139569E9">
    <skipped/>
  </testcase> <!-- @AfterMethod closeDriver -->
  <testcase classname="Setup.OrangeHrmSetup" name="@AfterMethod closeDriver" time="1.578">
    <failure type="org.openqa.selenium.NoSuchWindowException" message="no such window: target window already closed
from unknown error: web view not found
  (Session info: chrome=118.0.5993.118)
Build info: version: &amp;apos;4.10.0&amp;apos;, revision: &amp;apos;c14d967899&amp;apos;
System info: os.name: &amp;apos;Windows 10&amp;apos;, os.arch: &amp;apos;amd64&amp;apos;, os.version: &amp;apos;10.0&amp;apos;, java.version: &amp;apos;20.0.1&amp;apos;
Driver info: org.openqa.selenium.chrome.ChromeDriver
Command: [07d48e09c21d59018061b9521baf0a63, close {}]
Capabilities {acceptInsecureCerts: false, browserName: chrome, browserVersion: 118.0.5993.118, chrome: {chromedriverVersion: 118.0.5993.70 (e52f33f30b91..., userDataDir: C:\Users\sachin\AppData\Loc...}, fedcm:accounts: true, goog:chromeOptions: {debuggerAddress: localhost:55400}, networkConnectionEnabled: false, pageLoadStrategy: normal, platformName: windows, proxy: Proxy(), se:cdp: ws://localhost:55400/devtoo..., se:cdpVersion: 118.0.5993.118, setWindowRect: true, strictFileInteractability: false, timeouts: {implicit: 0, pageLoad: 300000, script: 30000}, unhandledPromptBehavior: dismiss and notify, webauthn:extension:credBlob: true, webauthn:extension:largeBlob: true, webauthn:extension:minPinLength: true, webauthn:extension:prf: true, webauthn:virtualAuthenticators: true}
Session ID: 07d48e09c21d59018061b9521baf0a63">
      <![CDATA[org.openqa.selenium.NoSuchWindowException: no such window: target window already closed
from unknown error: web view not found
  (Session info: chrome=118.0.5993.118)
Build info: version: '4.10.0', revision: 'c14d967899'
System info: os.name: 'Windows 10', os.arch: 'amd64', os.version: '10.0', java.version: '20.0.1'
Driver info: org.openqa.selenium.chrome.ChromeDriver
Command: [07d48e09c21d59018061b9521baf0a63, close {}]
Capabilities {acceptInsecureCerts: false, browserName: chrome, browserVersion: 118.0.5993.118, chrome: {chromedriverVersion: 118.0.5993.70 (e52f33f30b91..., userDataDir: C:\Users\sachin\AppData\Loc...}, fedcm:accounts: true, goog:chromeOptions: {debuggerAddress: localhost:55400}, networkConnectionEnabled: false, pageLoadStrategy: normal, platformName: windows, proxy: Proxy(), se:cdp: ws://localhost:55400/devtoo..., se:cdpVersion: 118.0.5993.118, setWindowRect: true, strictFileInteractability: false, timeouts: {implicit: 0, pageLoad: 300000, script: 30000}, unhandledPromptBehavior: dismiss and notify, webauthn:extension:credBlob: true, webauthn:extension:largeBlob: true, webauthn:extension:minPinLength: true, webauthn:extension:prf: true, webauthn:virtualAuthenticators: true}
Session ID: 07d48e09c21d59018061b9521baf0a63
at org.openqa.selenium.remote.codec.w3c.W3CHttpResponseCodec.createException(W3CHttpResponseCodec.java:199)
at org.openqa.selenium.remote.codec.w3c.W3CHttpResponseCodec.decode(W3CHttpResponseCodec.java:132)
at org.openqa.selenium.remote.codec.w3c.W3CHttpResponseCodec.decode(W3CHttpResponseCodec.java:51)
at org.openqa.selenium.remote.HttpCommandExecutor.execute(HttpCommandExecutor.java:191)
at org.openqa.selenium.remote.service.DriverCommandExecutor.invokeExecute(DriverCommandExecutor.java:196)
at org.openqa.selenium.remote.service.DriverCommandExecutor.execute(DriverCommandExecutor.java:171)
at org.openqa.selenium.remote.RemoteWebDriver.execute(RemoteWebDriver.java:531)
at org.openqa.selenium.remote.RemoteWebDriver.execute(RemoteWebDriver.java:590)
at org.openqa.selenium.remote.RemoteWebDriver.execute(RemoteWebDriver.java:594)
at org.openqa.selenium.remote.RemoteWebDriver.close(RemoteWebDriver.java:418)
at Setup.OrangeHrmSetup.closeDriver(OrangeHrmSetup.java:31)
at java.base/java.util.ArrayList.forEach(ArrayList.java:1511)
... Removed 33 stack frames]]>
    </failure>
  </testcase> <!-- @AfterMethod closeDriver -->
  <testcase classname="Setup.OrangeHrmSetup" name="@BeforeMethod setup" time="-1.69867140139E9">
    <skipped/>
  </testcase> <!-- @BeforeMethod setup -->
  <testcase classname="Setup.OrangeHrmSetup" name="@AfterMethod closeDriver" time="-1.69867140141E9">
    <skipped/>
  </testcase> <!-- @AfterMethod closeDriver -->
  <testcase classname="Setup.OrangeHrmSetup" name="@BeforeMethod setup" time="-1.698671401412E9">
    <skipped/>
  </testcase> <!-- @BeforeMethod setup -->
  <testcase classname="Setup.OrangeHrmSetup" name="@AfterMethod closeDriver" time="-1.698671401419E9">
    <skipped/>
  </testcase> <!-- @AfterMethod closeDriver -->
  <testcase classname="Setup.OrangeHrmSetup" name="@BeforeMethod setup" time="-1.69867140142E9">
    <skipped/>
  </testcase> <!-- @BeforeMethod setup -->
  <testcase classname="Setup.OrangeHrmSetup" name="@AfterMethod closeDriver" time="-1.698671401424E9">
    <skipped/>
  </testcase> <!-- @AfterMethod closeDriver -->
  <testcase classname="Setup.OrangeHrmSetup" name="@AfterMethod closeDriver" time="0.024">
    <failure type="org.openqa.selenium.NoSuchWindowException" message="no such window: target window already closed
from unknown error: web view not found
  (Session info: chrome=118.0.5993.118)
Build info: version: &amp;apos;4.10.0&amp;apos;, revision: &amp;apos;c14d967899&amp;apos;
System info: os.name: &amp;apos;Windows 10&amp;apos;, os.arch: &amp;apos;amd64&amp;apos;, os.version: &amp;apos;10.0&amp;apos;, java.version: &amp;apos;20.0.1&amp;apos;
Driver info: org.openqa.selenium.chrome.ChromeDriver
Command: [ee1e4eea0cebb8b60f858f75d3f5534f, close {}]
Capabilities {acceptInsecureCerts: false, browserName: chrome, browserVersion: 118.0.5993.118, chrome: {chromedriverVersion: 118.0.5993.70 (e52f33f30b91..., userDataDir: C:\Users\sachin\AppData\Loc...}, fedcm:accounts: true, goog:chromeOptions: {debuggerAddress: localhost:55411}, networkConnectionEnabled: false, pageLoadStrategy: normal, platformName: windows, proxy: Proxy(), se:cdp: ws://localhost:55411/devtoo..., se:cdpVersion: 118.0.5993.118, setWindowRect: true, strictFileInteractability: false, timeouts: {implicit: 0, pageLoad: 300000, script: 30000}, unhandledPromptBehavior: dismiss and notify, webauthn:extension:credBlob: true, webauthn:extension:largeBlob: true, webauthn:extension:minPinLength: true, webauthn:extension:prf: true, webauthn:virtualAuthenticators: true}
Session ID: ee1e4eea0cebb8b60f858f75d3f5534f">
      <![CDATA[org.openqa.selenium.NoSuchWindowException: no such window: target window already closed
from unknown error: web view not found
  (Session info: chrome=118.0.5993.118)
Build info: version: '4.10.0', revision: 'c14d967899'
System info: os.name: 'Windows 10', os.arch: 'amd64', os.version: '10.0', java.version: '20.0.1'
Driver info: org.openqa.selenium.chrome.ChromeDriver
Command: [ee1e4eea0cebb8b60f858f75d3f5534f, close {}]
Capabilities {acceptInsecureCerts: false, browserName: chrome, browserVersion: 118.0.5993.118, chrome: {chromedriverVersion: 118.0.5993.70 (e52f33f30b91..., userDataDir: C:\Users\sachin\AppData\Loc...}, fedcm:accounts: true, goog:chromeOptions: {debuggerAddress: localhost:55411}, networkConnectionEnabled: false, pageLoadStrategy: normal, platformName: windows, proxy: Proxy(), se:cdp: ws://localhost:55411/devtoo..., se:cdpVersion: 118.0.5993.118, setWindowRect: true, strictFileInteractability: false, timeouts: {implicit: 0, pageLoad: 300000, script: 30000}, unhandledPromptBehavior: dismiss and notify, webauthn:extension:credBlob: true, webauthn:extension:largeBlob: true, webauthn:extension:minPinLength: true, webauthn:extension:prf: true, webauthn:virtualAuthenticators: true}
Session ID: ee1e4eea0cebb8b60f858f75d3f5534f
at org.openqa.selenium.remote.codec.w3c.W3CHttpResponseCodec.createException(W3CHttpResponseCodec.java:199)
at org.openqa.selenium.remote.codec.w3c.W3CHttpResponseCodec.decode(W3CHttpResponseCodec.java:132)
at org.openqa.selenium.remote.codec.w3c.W3CHttpResponseCodec.decode(W3CHttpResponseCodec.java:51)
at org.openqa.selenium.remote.HttpCommandExecutor.execute(HttpCommandExecutor.java:191)
at org.openqa.selenium.remote.service.DriverCommandExecutor.invokeExecute(DriverCommandExecutor.java:196)
at org.openqa.selenium.remote.service.DriverCommandExecutor.execute(DriverCommandExecutor.java:171)
at org.openqa.selenium.remote.RemoteWebDriver.execute(RemoteWebDriver.java:531)
at org.openqa.selenium.remote.RemoteWebDriver.execute(RemoteWebDriver.java:590)
at org.openqa.selenium.remote.RemoteWebDriver.execute(RemoteWebDriver.java:594)
at org.openqa.selenium.remote.RemoteWebDriver.close(RemoteWebDriver.java:418)
at Setup.OrangeHrmSetup.closeDriver(OrangeHrmSetup.java:31)
at java.base/java.util.ArrayList.forEach(ArrayList.java:1511)
... Removed 33 stack frames]]>
    </failure>
  </testcase> <!-- @AfterMethod closeDriver -->
  <testcase classname="testrunner.CandidatesPageTestRunner" name="candidateSearch" time="8.019"/>
  <testcase classname="testrunner.CandidatesPageTestRunner" name="candidateSearchWithDropDownFilter" time="7.508"/>
  <testcase classname="testrunner.CandidatesPageTestRunner" name="candidateSearchWithInputTextBoxFilter" time="7.573"/>
  <testcase classname="testrunner.CandidatesPageTestRunner" name="candidateResetButton" time="8.649">
    <failure type="java.lang.AssertionError" message="The following asserts failed:
	expected [true] but found [false]">
      <![CDATA[java.lang.AssertionError: The following asserts failed:
expected [true] but found [false]
at testrunner.CandidatesPageTestRunner.candidateResetButton(CandidatesPageTestRunner.java:64)
at java.base/java.util.ArrayList.forEach(ArrayList.java:1511)
... Removed 27 stack frames]]>
    </failure>
  </testcase> <!-- candidateResetButton -->
  <testcase classname="testrunner.CandidatesPageTestRunner" name="selectAllCandidatesInRecord" time="17.174"/>
  <testcase classname="testrunner.CandidatesPageTestRunner" name="deleteCandidateOnSingleCheckBoxSelect" time="6.97"/>
  <testcase classname="testrunner.CandidatesPageTestRunner" name="deleteCandidateMultiSelect" time="9.859"/>
  <testcase classname="testrunner.CandidatesPageTestRunner" name="viewButton" time="9.689"/>
  <testcase classname="testrunner.CandidatesPageTestRunner" name="deleteButtonIcon" time="5.965"/>
  <testcase classname="testrunner.CandidatesPageTestRunner" name="addNewCandidate" time="7.029">
    <failure type="java.lang.NullPointerException" message="Cannot invoke &amp;quot;org.json.simple.JSONObject.get(Object)&amp;quot; because &amp;quot;newCandidate&amp;quot; is null">
      <![CDATA[java.lang.NullPointerException: Cannot invoke "org.json.simple.JSONObject.get(Object)" because "newCandidate" is null
at pages.RecruitmentCandidateSearchPage.addNewCandidate(RecruitmentCandidateSearchPage.java:178)
at testrunner.CandidatesPageTestRunner.addNewCandidate(CandidatesPageTestRunner.java:131)
at java.base/java.util.ArrayList.forEach(ArrayList.java:1511)
... Removed 25 stack frames]]>
    </failure>
  </testcase> <!-- addNewCandidate -->
  <testcase classname="testrunner.VacanciesPageTestRunner" name="vacanciesSearch" time="0.41">
    <failure type="org.openqa.selenium.NoSuchWindowException" message="no such window: target window already closed
from unknown error: web view not found
  (Session info: chrome=118.0.5993.118)
Build info: version: &amp;apos;4.10.0&amp;apos;, revision: &amp;apos;c14d967899&amp;apos;
System info: os.name: &amp;apos;Windows 10&amp;apos;, os.arch: &amp;apos;amd64&amp;apos;, os.version: &amp;apos;10.0&amp;apos;, java.version: &amp;apos;20.0.1&amp;apos;
Driver info: org.openqa.selenium.chrome.ChromeDriver
Command: [ddd6b0b564f985783d482a89ac9c278e, findElement {using=name, value=username}]
Capabilities {acceptInsecureCerts: false, browserName: chrome, browserVersion: 118.0.5993.118, chrome: {chromedriverVersion: 118.0.5993.70 (e52f33f30b91..., userDataDir: C:\Users\sachin\AppData\Loc...}, fedcm:accounts: true, goog:chromeOptions: {debuggerAddress: localhost:55384}, networkConnectionEnabled: false, pageLoadStrategy: normal, platformName: windows, proxy: Proxy(), se:cdp: ws://localhost:55384/devtoo..., se:cdpVersion: 118.0.5993.118, setWindowRect: true, strictFileInteractability: false, timeouts: {implicit: 0, pageLoad: 300000, script: 30000}, unhandledPromptBehavior: dismiss and notify, webauthn:extension:credBlob: true, webauthn:extension:largeBlob: true, webauthn:extension:minPinLength: true, webauthn:extension:prf: true, webauthn:virtualAuthenticators: true}
Session ID: ddd6b0b564f985783d482a89ac9c278e">
      <![CDATA[org.openqa.selenium.NoSuchWindowException: no such window: target window already closed
from unknown error: web view not found
  (Session info: chrome=118.0.5993.118)
Build info: version: '4.10.0', revision: 'c14d967899'
System info: os.name: 'Windows 10', os.arch: 'amd64', os.version: '10.0', java.version: '20.0.1'
Driver info: org.openqa.selenium.chrome.ChromeDriver
Command: [ddd6b0b564f985783d482a89ac9c278e, findElement {using=name, value=username}]
Capabilities {acceptInsecureCerts: false, browserName: chrome, browserVersion: 118.0.5993.118, chrome: {chromedriverVersion: 118.0.5993.70 (e52f33f30b91..., userDataDir: C:\Users\sachin\AppData\Loc...}, fedcm:accounts: true, goog:chromeOptions: {debuggerAddress: localhost:55384}, networkConnectionEnabled: false, pageLoadStrategy: normal, platformName: windows, proxy: Proxy(), se:cdp: ws://localhost:55384/devtoo..., se:cdpVersion: 118.0.5993.118, setWindowRect: true, strictFileInteractability: false, timeouts: {implicit: 0, pageLoad: 300000, script: 30000}, unhandledPromptBehavior: dismiss and notify, webauthn:extension:credBlob: true, webauthn:extension:largeBlob: true, webauthn:extension:minPinLength: true, webauthn:extension:prf: true, webauthn:virtualAuthenticators: true}
Session ID: ddd6b0b564f985783d482a89ac9c278e
at org.openqa.selenium.remote.codec.w3c.W3CHttpResponseCodec.createException(W3CHttpResponseCodec.java:199)
at org.openqa.selenium.remote.codec.w3c.W3CHttpResponseCodec.decode(W3CHttpResponseCodec.java:132)
at org.openqa.selenium.remote.codec.w3c.W3CHttpResponseCodec.decode(W3CHttpResponseCodec.java:51)
at org.openqa.selenium.remote.HttpCommandExecutor.execute(HttpCommandExecutor.java:191)
at org.openqa.selenium.remote.service.DriverCommandExecutor.invokeExecute(DriverCommandExecutor.java:196)
at org.openqa.selenium.remote.service.DriverCommandExecutor.execute(DriverCommandExecutor.java:171)
at org.openqa.selenium.remote.RemoteWebDriver.execute(RemoteWebDriver.java:531)
at org.openqa.selenium.remote.ElementLocation$ElementFinder$2.findElement(ElementLocation.java:165)
at org.openqa.selenium.remote.ElementLocation.findElement(ElementLocation.java:66)
at org.openqa.selenium.remote.RemoteWebDriver.findElement(RemoteWebDriver.java:350)
at org.openqa.selenium.remote.RemoteWebDriver.findElement(RemoteWebDriver.java:344)
at org.openqa.selenium.support.pagefactory.DefaultElementLocator.findElement(DefaultElementLocator.java:68)
at org.openqa.selenium.support.pagefactory.internal.LocatingElementHandler.invoke(LocatingElementHandler.java:38)
at jdk.proxy2/jdk.proxy2.$Proxy16.sendKeys(Unknown Source)
at pages.OrangeHRMLoginPage.doLogin(OrangeHRMLoginPage.java:35)
at testrunner.VacanciesPageTestRunner.vacanciesSearch(VacanciesPageTestRunner.java:22)
at java.base/java.util.ArrayList.forEach(ArrayList.java:1511)
... Removed 28 stack frames]]>
    </failure>
  </testcase> <!-- vacanciesSearch -->
  <testcase classname="testrunner.VacanciesPageTestRunner" name="vacanciesSearchWithSingleFilter" time="0.0">
    <skipped/>
  </testcase> <!-- vacanciesSearchWithSingleFilter -->
  <testcase classname="testrunner.VacanciesPageTestRunner" name="vacanciesSearchWithMultiFilter" time="0.0">
    <skipped/>
  </testcase> <!-- vacanciesSearchWithMultiFilter -->
  <testcase classname="testrunner.VacanciesPageTestRunner" name="vacanciesResetButton" time="0.0">
    <skipped/>
  </testcase> <!-- vacanciesResetButton -->
  <testcase classname="testrunner.VacanciesPageTestRunner" name="vacanciesSelectAllRecords" time="0.0">
    <skipped/>
  </testcase> <!-- vacanciesSelectAllRecords -->
  <testcase classname="testrunner.VacanciesPageTestRunner" name="vacanciesSingleSelect" time="0.0">
    <skipped/>
  </testcase> <!-- vacanciesSingleSelect -->
  <testcase classname="testrunner.VacanciesPageTestRunner" name="deleteCandidateMultiSelect" time="0.0">
    <skipped/>
  </testcase> <!-- deleteCandidateMultiSelect -->
  <testcase classname="testrunner.VacanciesPageTestRunner" name="deleteIconVacancies" time="0.0">
    <skipped/>
  </testcase> <!-- deleteIconVacancies -->
  <testcase classname="testrunner.VacanciesPageTestRunner" name="editIconOfVacancies" time="0.0">
    <skipped/>
  </testcase> <!-- editIconOfVacancies -->
  <testcase classname="testrunner.VacanciesPageTestRunner" name="addNewVacancy" time="0.0">
    <skipped/>
  </testcase> <!-- addNewVacancy -->
  <testcase classname="testrunner.LoginPageTestRunner" name="doLogin" time="0.01">
    <failure type="org.openqa.selenium.NoSuchWindowException" message="no such window: target window already closed
from unknown error: web view not found
  (Session info: chrome=118.0.5993.118)
Build info: version: &amp;apos;4.10.0&amp;apos;, revision: &amp;apos;c14d967899&amp;apos;
System info: os.name: &amp;apos;Windows 10&amp;apos;, os.arch: &amp;apos;amd64&amp;apos;, os.version: &amp;apos;10.0&amp;apos;, java.version: &amp;apos;20.0.1&amp;apos;
Driver info: org.openqa.selenium.chrome.ChromeDriver
Command: [07d48e09c21d59018061b9521baf0a63, findElement {using=name, value=username}]
Capabilities {acceptInsecureCerts: false, browserName: chrome, browserVersion: 118.0.5993.118, chrome: {chromedriverVersion: 118.0.5993.70 (e52f33f30b91..., userDataDir: C:\Users\sachin\AppData\Loc...}, fedcm:accounts: true, goog:chromeOptions: {debuggerAddress: localhost:55400}, networkConnectionEnabled: false, pageLoadStrategy: normal, platformName: windows, proxy: Proxy(), se:cdp: ws://localhost:55400/devtoo..., se:cdpVersion: 118.0.5993.118, setWindowRect: true, strictFileInteractability: false, timeouts: {implicit: 0, pageLoad: 300000, script: 30000}, unhandledPromptBehavior: dismiss and notify, webauthn:extension:credBlob: true, webauthn:extension:largeBlob: true, webauthn:extension:minPinLength: true, webauthn:extension:prf: true, webauthn:virtualAuthenticators: true}
Session ID: 07d48e09c21d59018061b9521baf0a63">
      <![CDATA[org.openqa.selenium.NoSuchWindowException: no such window: target window already closed
from unknown error: web view not found
  (Session info: chrome=118.0.5993.118)
Build info: version: '4.10.0', revision: 'c14d967899'
System info: os.name: 'Windows 10', os.arch: 'amd64', os.version: '10.0', java.version: '20.0.1'
Driver info: org.openqa.selenium.chrome.ChromeDriver
Command: [07d48e09c21d59018061b9521baf0a63, findElement {using=name, value=username}]
Capabilities {acceptInsecureCerts: false, browserName: chrome, browserVersion: 118.0.5993.118, chrome: {chromedriverVersion: 118.0.5993.70 (e52f33f30b91..., userDataDir: C:\Users\sachin\AppData\Loc...}, fedcm:accounts: true, goog:chromeOptions: {debuggerAddress: localhost:55400}, networkConnectionEnabled: false, pageLoadStrategy: normal, platformName: windows, proxy: Proxy(), se:cdp: ws://localhost:55400/devtoo..., se:cdpVersion: 118.0.5993.118, setWindowRect: true, strictFileInteractability: false, timeouts: {implicit: 0, pageLoad: 300000, script: 30000}, unhandledPromptBehavior: dismiss and notify, webauthn:extension:credBlob: true, webauthn:extension:largeBlob: true, webauthn:extension:minPinLength: true, webauthn:extension:prf: true, webauthn:virtualAuthenticators: true}
Session ID: 07d48e09c21d59018061b9521baf0a63
at org.openqa.selenium.remote.codec.w3c.W3CHttpResponseCodec.createException(W3CHttpResponseCodec.java:199)
at org.openqa.selenium.remote.codec.w3c.W3CHttpResponseCodec.decode(W3CHttpResponseCodec.java:132)
at org.openqa.selenium.remote.codec.w3c.W3CHttpResponseCodec.decode(W3CHttpResponseCodec.java:51)
at org.openqa.selenium.remote.HttpCommandExecutor.execute(HttpCommandExecutor.java:191)
at org.openqa.selenium.remote.service.DriverCommandExecutor.invokeExecute(DriverCommandExecutor.java:196)
at org.openqa.selenium.remote.service.DriverCommandExecutor.execute(DriverCommandExecutor.java:171)
at org.openqa.selenium.remote.RemoteWebDriver.execute(RemoteWebDriver.java:531)
at org.openqa.selenium.remote.ElementLocation$ElementFinder$2.findElement(ElementLocation.java:165)
at org.openqa.selenium.remote.ElementLocation.findElement(ElementLocation.java:66)
at org.openqa.selenium.remote.RemoteWebDriver.findElement(RemoteWebDriver.java:350)
at org.openqa.selenium.remote.RemoteWebDriver.findElement(RemoteWebDriver.java:344)
at org.openqa.selenium.support.pagefactory.DefaultElementLocator.findElement(DefaultElementLocator.java:68)
at org.openqa.selenium.support.pagefactory.internal.LocatingElementHandler.invoke(LocatingElementHandler.java:38)
at jdk.proxy2/jdk.proxy2.$Proxy16.sendKeys(Unknown Source)
at pages.OrangeHRMLoginPage.doLogin(OrangeHRMLoginPage.java:35)
at testrunner.LoginPageTestRunner.doLogin(LoginPageTestRunner.java:17)
at java.base/java.util.ArrayList.forEach(ArrayList.java:1511)
... Removed 28 stack frames]]>
    </failure>
  </testcase> <!-- doLogin -->
  <testcase classname="testrunner.LoginPageTestRunner" name="doLoginWithInvalidCredential" time="0.0">
    <skipped/>
  </testcase> <!-- doLoginWithInvalidCredential -->
  <testcase classname="testrunner.LoginPageTestRunner" name="doLoginWithInvalidUsername" time="0.0">
    <skipped/>
  </testcase> <!-- doLoginWithInvalidUsername -->
  <testcase classname="testrunner.LoginPageTestRunner" name="doLoginWithoutCredentials" time="0.0">
    <skipped/>
  </testcase> <!-- doLoginWithoutCredentials -->
  <testcase classname="testrunner.LogoutPageTestRunner" name="doLogout" time="3.559">
    <failure type="org.openqa.selenium.NoSuchElementException" message="Unable to find element with locator By.tagName: h6
For documentation on this error, please visit: https://www.selenium.dev/documentation/webdriver/troubleshooting/errors#no-such-element-exception
Build info: version: &amp;apos;4.10.0&amp;apos;, revision: &amp;apos;c14d967899&amp;apos;
System info: os.name: &amp;apos;Windows 10&amp;apos;, os.arch: &amp;apos;amd64&amp;apos;, os.version: &amp;apos;10.0&amp;apos;, java.version: &amp;apos;20.0.1&amp;apos;
Driver info: driver.version: RemoteWebDriver">
      <![CDATA[org.openqa.selenium.NoSuchElementException: Unable to find element with locator By.tagName: h6
For documentation on this error, please visit: https://www.selenium.dev/documentation/webdriver/troubleshooting/errors#no-such-element-exception
Build info: version: '4.10.0', revision: 'c14d967899'
System info: os.name: 'Windows 10', os.arch: 'amd64', os.version: '10.0', java.version: '20.0.1'
Driver info: driver.version: RemoteWebDriver
at org.openqa.selenium.remote.ElementLocation$ElementFinder$2.findElement(ElementLocation.java:168)
at org.openqa.selenium.remote.ElementLocation.findElement(ElementLocation.java:59)
at org.openqa.selenium.remote.RemoteWebDriver.findElement(RemoteWebDriver.java:350)
at org.openqa.selenium.remote.RemoteWebDriver.findElement(RemoteWebDriver.java:344)
at org.openqa.selenium.support.pagefactory.DefaultElementLocator.findElement(DefaultElementLocator.java:68)
at org.openqa.selenium.support.pagefactory.internal.LocatingElementHandler.invoke(LocatingElementHandler.java:38)
at jdk.proxy2/jdk.proxy2.$Proxy16.getText(Unknown Source)
at pages.OrangeHRMLoginPage.doLogout(OrangeHRMLoginPage.java:55)
at testrunner.LogoutPageTestRunner.doLogout(LogoutPageTestRunner.java:15)
at java.base/java.util.ArrayList.forEach(ArrayList.java:1511)
... Removed 25 stack frames]]>
    </failure>
  </testcase> <!-- doLogout -->
</testsuite> <!-- Test -->
